<?xml version="1.0" encoding="UTF-8"?>
<!-- Generated by org.testng.reporters.JUnitReportReporter -->
<testsuite hostname="DESKTOP-BPIEM52" failures="1" tests="13" name="testng.priority.PriorityExample" time="0.102" errors="0" timestamp="2024-05-09T18:06:47 IST" skipped="3">
  <testcase classname="testng.priority.PriorityExample" name="priorityDemo_P" time="0.015"/>
  <testcase classname="testng.priority.PriorityExample" name="priorityDemo_K" time="0.014"/>
  <testcase classname="testng.priority.PriorityExample" name="priorityDemo_B" time="0.000"/>
  <testcase classname="testng.priority.PriorityExample" name="priorityDemo_O" time="0.001"/>
  <testcase classname="testng.priority.PriorityExample" name="priorityDemo_Z" time="0.003"/>
  <testcase classname="testng.priority.PriorityExample" name="priorityDemo_F" time="0.002">
    <skipped/>
  </testcase> <!-- priorityDemo_F -->
  <testcase classname="testng.priority.PriorityExample" name="priorityDemo_F" time="0.002">
    <failure message="expected [true] but found [false]" type="java.lang.AssertionError">
      <![CDATA[java.lang.AssertionError: expected [true] but found [false]
at org.testng.Assert.fail(Assert.java:111)
at org.testng.Assert.failNotEquals(Assert.java:1578)
at org.testng.Assert.assertTrue(Assert.java:57)
at org.testng.Assert.assertTrue(Assert.java:67)
at testng.priority.PriorityExample.priorityDemo_F(PriorityExample.java:38)
at java.base/jdk.internal.reflect.NativeMethodAccessorImpl.invoke0(Native Method)
at java.base/jdk.internal.reflect.NativeMethodAccessorImpl.invoke(NativeMethodAccessorImpl.java:77)
at java.base/jdk.internal.reflect.DelegatingMethodAccessorImpl.invoke(DelegatingMethodAccessorImpl.java:43)
at java.base/java.lang.reflect.Method.invoke(Method.java:568)
at org.testng.internal.invokers.MethodInvocationHelper.invokeMethod(MethodInvocationHelper.java:141)
at org.testng.internal.invokers.TestInvoker.invokeMethod(TestInvoker.java:686)
at org.testng.internal.invokers.TestInvoker.retryFailed(TestInvoker.java:269)
at org.testng.internal.invokers.MethodRunner.runInSequence(MethodRunner.java:76)
at org.testng.internal.invokers.TestInvoker$MethodInvocationAgent.invoke(TestInvoker.java:992)
at org.testng.internal.invokers.TestInvoker.invokeTestMethods(TestInvoker.java:203)
at org.testng.internal.invokers.TestMethodWorker.invokeTestMethods(TestMethodWorker.java:154)
at org.testng.internal.invokers.TestMethodWorker.run(TestMethodWorker.java:134)
at java.base/java.util.concurrent.Executors$RunnableAdapter.call(Executors.java:539)
at java.base/java.util.concurrent.FutureTask.run(FutureTask.java:264)
at org.testng.internal.thread.graph.TestNGFutureTask.run(TestNGFutureTask.java:22)
at java.base/java.util.concurrent.ThreadPoolExecutor.runWorker(ThreadPoolExecutor.java:1136)
at java.base/java.util.concurrent.ThreadPoolExecutor$Worker.run(ThreadPoolExecutor.java:635)
at java.base/java.lang.Thread.run(Thread.java:842)
]]>
    </failure>
  </testcase> <!-- priorityDemo_F -->
  <testcase classname="testng.priority.PriorityExample" name="priorityDemo_F" time="0.055">
    <skipped/>
  </testcase> <!-- priorityDemo_F -->
  <testcase classname="testng.priority.PriorityExample" name="priorityDemo_F" time="0.004">
    <skipped/>
  </testcase> <!-- priorityDemo_F -->
  <testcase classname="testng.priority.PriorityExample" name="priorityDemo_N" time="0.003"/>
  <testcase classname="testng.priority.PriorityExample" name="priorityDemo_I" time="0.001"/>
  <testcase classname="testng.priority.PriorityExample" name="priorityDemo_H" time="0.001"/>
  <testcase classname="testng.priority.PriorityExample" name="priorityDemo_G" time="0.001"/>
</testsuite> <!-- testng.priority.PriorityExample -->
