<?xml version="1.0" encoding="UTF-8"?>
<!-- Generated by org.testng.reporters.JUnitReportReporter -->
<testsuite hostname="DESKTOP-BPIEM52" failures="0" tests="2" name="testng.parameterization.NormalDataProvider" time="68.886" errors="0" timestamp="2024-05-16T16:03:39 IST" skipped="0">
  <testcase classname="testng.parameterization.NormalDataProvider" name="verifyNeedOfParameter" time="42.620"/>
  <testcase classname="testng.parameterization.NormalDataProvider" name="verifyNeedOfParameter" time="26.266"/>
</testsuite> <!-- testng.parameterization.NormalDataProvider -->
