<?xml version="1.0" encoding="UTF-8"?>
<!-- Generated by org.testng.reporters.JUnitReportReporter -->
<testsuite hostname="DESKTOP-BPIEM52" failures="0" tests="2" name="mavendemo.TestNGExample" time="52.401" errors="0" timestamp="2024-05-04T16:57:18 IST" skipped="0">
  <testcase classname="mavendemo.TestNGExample" name="basicOfTestNG1" time="34.268"/>
  <testcase classname="mavendemo.TestNGExample" name="basicOfTestNG2" time="18.133"/>
</testsuite> <!-- mavendemo.TestNGExample -->
